This is pdfTeX, Version 3.1415926-2.3-1.40.12 (MiKTeX 2.9) (preloaded format=pdftex 2016.11.14)  14 NOV 2016 05:38
entering extended mode
**H:/Codes/newlibcoopt/README.md
(H:/Codes/newlibcoopt/README.md
H:/Codes/newlibcoopt/README.md:1: You can't use `macro parameter character #' in vertical mode
Sorry, but I'm not programmed to handle this case;
I'll just pretend that you didn't ask for it.
If you're in the wrong mode, you might be able to
return to the right one by typing `I}' or `I$' or `I\par'.

Missing character: There is no ï in font cmr10!
Missing character: There is no ¼ in font cmr10!
H:/Codes/newlibcoopt/README.md:3: You can't use `macro parameter character #' in vertical mode
Sorry, but I'm not programmed to handle this case;
I'll just pretend that you didn't ask for it.
If you're in the wrong mode, you might be able to
return to the right one by typing `I}' or `I$' or `I\par'.

H:/Codes/newlibcoopt/README.md:3: You can't use `macro parameter character #' in vertical mode
Sorry, but I'm not programmed to handle this case;
I'll just pretend that you didn't ask for it.
If you're in the wrong mode, you might be able to
return to the right one by typing `I}' or `I$' or `I\par'.

H:/Codes/newlibcoopt/README.md:7: You can't use `macro parameter character #' in vertical mode
Sorry, but I'm not programmed to handle this case;
I'll just pretend that you didn't ask for it.
If you're in the wrong mode, you might be able to
return to the right one by typing `I}' or `I$' or `I\par'.

H:/Codes/newlibcoopt/README.md:7: You can't use `macro parameter character #' in vertical mode
Sorry, but I'm not programmed to handle this case;
I'll just pretend that you didn't ask for it.
If you're in the wrong mode, you might be able to
return to the right one by typing `I}' or `I$' or `I\par'.

H:/Codes/newlibcoopt/README.md:19: You can't use `macro parameter character #' in vertical mode
Sorry, but I'm not programmed to handle this case;
I'll just pretend that you didn't ask for it.
If you're in the wrong mode, you might be able to
return to the right one by typing `I}' or `I$' or `I\par'.

H:/Codes/newlibcoopt/README.md:19: You can't use `macro parameter character #' in vertical mode
Sorry, but I'm not programmed to handle this case;
I'll just pretend that you didn't ask for it.
If you're in the wrong mode, you might be able to
return to the right one by typing `I}' or `I$' or `I\par'.

H:/Codes/newlibcoopt/README.md:22: You can't use `macro parameter character #' in vertical mode
Sorry, but I'm not programmed to handle this case;
I'll just pretend that you didn't ask for it.
If you're in the wrong mode, you might be able to
return to the right one by typing `I}' or `I$' or `I\par'.

H:/Codes/newlibcoopt/README.md:22: You can't use `macro parameter character #' in vertical mode
Sorry, but I'm not programmed to handle this case;
I'll just pretend that you didn't ask for it.
If you're in the wrong mode, you might be able to
return to the right one by typing `I}' or `I$' or `I\par'.

H:/Codes/newlibcoopt/README.md:27: You can't use `macro parameter character #' in horizontal mode
Sorry, but I'm not programmed to handle this case;
I'll just pretend that you didn't ask for it.
If you're in the wrong mode, you might be able to
return to the right one by typing `I}' or `I$' or `I\par'.

H:/Codes/newlibcoopt/README.md:27: Missing $ inserted
I've inserted a begin-math/end-math symbol since I think
you left one out. Proceed, with fingers crossed.

H:/Codes/newlibcoopt/README.md:29: You can't use `macro parameter character #' in math mode
Sorry, but I'm not programmed to handle this case;
I'll just pretend that you didn't ask for it.
If you're in the wrong mode, you might be able to
return to the right one by typing `I}' or `I$' or `I\par'.

H:/Codes/newlibcoopt/README.md:31: You can't use `macro parameter character #' in math mode
Sorry, but I'm not programmed to handle this case;
I'll just pretend that you didn't ask for it.
If you're in the wrong mode, you might be able to
return to the right one by typing `I}' or `I$' or `I\par'.

H:/Codes/ne